<testsuites id="" name="" tests="4" failures="2" skipped="0" errors="0" time="95.77772999999999">
<testsuite name="mobile-nav-positioning.spec.js" timestamp="2025-08-11T15:31:38.088Z" hostname="iPhone 12" tests="1" failures="1" skipped="0" time="76.741" errors="0">
<testcase name="Mobile Navigation Positioning Tests › navigation container should not cause excessive horizontal overflow" classname="mobile-nav-positioning.spec.js" time="76.741">
<failure message="mobile-nav-positioning.spec.js:54:5 navigation container should not cause excessive horizontal overflow" type="FAILURE">
<![CDATA[  [iPhone 12] › mobile-nav-positioning.spec.js:54:5 › Mobile Navigation Positioning Tests › navigation container should not cause excessive horizontal overflow 

    Test timeout of 30000ms exceeded while running "beforeEach" hook.

      3 | test.describe('Mobile Navigation Positioning Tests', () => {
      4 |
    > 5 |     test.beforeEach(async ({ page }) => {
        |          ^
      6 |         await page.goto('http://localhost:8000');
      7 |         await page.waitForLoadState('networkidle');
      8 |     });
        at C:\Users\yuval\grimgrimberg.github.io\tests\mobile-nav-positioning.spec.js:5:10

    Error: page.goto: Test timeout of 30000ms exceeded.
    Call log:
      - navigating to "http://localhost:8000/", waiting until "load"


      4 |
      5 |     test.beforeEach(async ({ page }) => {
    > 6 |         await page.goto('http://localhost:8000');
        |                    ^
      7 |         await page.waitForLoadState('networkidle');
      8 |     });
      9 |
        at C:\Users\yuval\grimgrimberg.github.io\tests\mobile-nav-positioning.spec.js:6:20

    attachment #1: video (video/webm) ──────────────────────────────────────────────────────────────
    ..\test-results\mobile-nav-positioning-Mob-fbd68-cessive-horizontal-overflow-iPhone-12\video.webm
    ────────────────────────────────────────────────────────────────────────────────────────────────

    Error Context: ..\test-results\mobile-nav-positioning-Mob-fbd68-cessive-horizontal-overflow-iPhone-12\error-context.md

    Retry #1 ───────────────────────────────────────────────────────────────────────────────────────

    Error: expect(received).toBeLessThanOrEqual(expected)

    Expected: <= 40
    Received:    84

      80 |             console.log('Horizontal overflow offenders:', offenders);
      81 |         }
    > 82 |         expect(overflow).toBeLessThanOrEqual(40);
         |                          ^
      83 |     });
      84 | });
      85 |
        at C:\Users\yuval\grimgrimberg.github.io\tests\mobile-nav-positioning.spec.js:82:26

    attachment #1: screenshot (image/png) ──────────────────────────────────────────────────────────
    ..\test-results\mobile-nav-positioning-Mob-fbd68-cessive-horizontal-overflow-iPhone-12-retry1\test-failed-1.png
    ────────────────────────────────────────────────────────────────────────────────────────────────

    attachment #2: video (video/webm) ──────────────────────────────────────────────────────────────
    ..\test-results\mobile-nav-positioning-Mob-fbd68-cessive-horizontal-overflow-iPhone-12-retry1\video.webm
    ────────────────────────────────────────────────────────────────────────────────────────────────

    Error Context: ..\test-results\mobile-nav-positioning-Mob-fbd68-cessive-horizontal-overflow-iPhone-12-retry1\error-context.md

    attachment #4: trace (application/zip) ─────────────────────────────────────────────────────────
    ..\test-results\mobile-nav-positioning-Mob-fbd68-cessive-horizontal-overflow-iPhone-12-retry1\trace.zip
    Usage:

        npx playwright show-trace ..\test-results\mobile-nav-positioning-Mob-fbd68-cessive-horizontal-overflow-iPhone-12-retry1\trace.zip

    ────────────────────────────────────────────────────────────────────────────────────────────────
]]>
</failure>
<system-out>
<![CDATA[
[[ATTACHMENT|mobile-nav-positioning-Mob-fbd68-cessive-horizontal-overflow-iPhone-12\video.webm]]

[[ATTACHMENT|mobile-nav-positioning-Mob-fbd68-cessive-horizontal-overflow-iPhone-12\error-context.md]]
Horizontal overflow offenders: [
  { tag: [32m'DIV'[39m, cls: [32m'relative aos-init'[39m, right: [33m404[39m, w: [33m288[39m },
  {
    tag: [32m'DIV'[39m,
    cls: [32m'glass-effect rounded-2xl p-8 text-center hover-lift'[39m,
    right: [33m404[39m,
    w: [33m288[39m
  },
  { tag: [32m'DIV'[39m, cls: [32m'mb-8'[39m, right: [33m371[39m, w: [33m222[39m },
  {
    tag: [32m'DIV'[39m,
    cls: [32m'w-32 h-32 bg-gradient-to-br from-tech-purple to-tech-cyan rounded-full mx-auto flex items-center justify-center text-6xl animate-glow'[39m,
    right: [33m324[39m,
    w: [33m128[39m
  },
  { tag: [32m'H3'[39m, cls: [32m'text-3xl font-bold mb-4'[39m, right: [33m371[39m, w: [33m222[39m },
  { tag: [32m'P'[39m, cls: [32m'text-gray-300 mb-6'[39m, right: [33m371[39m, w: [33m222[39m }
]

[[ATTACHMENT|mobile-nav-positioning-Mob-fbd68-cessive-horizontal-overflow-iPhone-12-retry1\test-failed-1.png]]

[[ATTACHMENT|mobile-nav-positioning-Mob-fbd68-cessive-horizontal-overflow-iPhone-12-retry1\video.webm]]

[[ATTACHMENT|mobile-nav-positioning-Mob-fbd68-cessive-horizontal-overflow-iPhone-12-retry1\error-context.md]]

[[ATTACHMENT|mobile-nav-positioning-Mob-fbd68-cessive-horizontal-overflow-iPhone-12-retry1\trace.zip]]
]]>
</system-out>
</testcase>
</testsuite>
<testsuite name="mobile-nav-positioning.spec.js" timestamp="2025-08-11T15:31:38.088Z" hostname="iPhone SE" tests="1" failures="1" skipped="0" time="73.372" errors="0">
<testcase name="Mobile Navigation Positioning Tests › navigation container should not cause excessive horizontal overflow" classname="mobile-nav-positioning.spec.js" time="73.372">
<failure message="mobile-nav-positioning.spec.js:54:5 navigation container should not cause excessive horizontal overflow" type="FAILURE">
<![CDATA[  [iPhone SE] › mobile-nav-positioning.spec.js:54:5 › Mobile Navigation Positioning Tests › navigation container should not cause excessive horizontal overflow 

    Test timeout of 30000ms exceeded while running "beforeEach" hook.

      3 | test.describe('Mobile Navigation Positioning Tests', () => {
      4 |
    > 5 |     test.beforeEach(async ({ page }) => {
        |          ^
      6 |         await page.goto('http://localhost:8000');
      7 |         await page.waitForLoadState('networkidle');
      8 |     });
        at C:\Users\yuval\grimgrimberg.github.io\tests\mobile-nav-positioning.spec.js:5:10

    Error: page.goto: Test timeout of 30000ms exceeded.
    Call log:
      - navigating to "http://localhost:8000/", waiting until "load"


      4 |
      5 |     test.beforeEach(async ({ page }) => {
    > 6 |         await page.goto('http://localhost:8000');
        |                    ^
      7 |         await page.waitForLoadState('networkidle');
      8 |     });
      9 |
        at C:\Users\yuval\grimgrimberg.github.io\tests\mobile-nav-positioning.spec.js:6:20

    attachment #1: video (video/webm) ──────────────────────────────────────────────────────────────
    ..\test-results\mobile-nav-positioning-Mob-fbd68-cessive-horizontal-overflow-iPhone-SE\video.webm
    ────────────────────────────────────────────────────────────────────────────────────────────────

    Error Context: ..\test-results\mobile-nav-positioning-Mob-fbd68-cessive-horizontal-overflow-iPhone-SE\error-context.md

    Retry #1 ───────────────────────────────────────────────────────────────────────────────────────

    Error: expect(received).toBeLessThanOrEqual(expected)

    Expected: <= 40
    Received:    84

      80 |             console.log('Horizontal overflow offenders:', offenders);
      81 |         }
    > 82 |         expect(overflow).toBeLessThanOrEqual(40);
         |                          ^
      83 |     });
      84 | });
      85 |
        at C:\Users\yuval\grimgrimberg.github.io\tests\mobile-nav-positioning.spec.js:82:26

    attachment #1: screenshot (image/png) ──────────────────────────────────────────────────────────
    ..\test-results\mobile-nav-positioning-Mob-fbd68-cessive-horizontal-overflow-iPhone-SE-retry1\test-failed-1.png
    ────────────────────────────────────────────────────────────────────────────────────────────────

    attachment #2: video (video/webm) ──────────────────────────────────────────────────────────────
    ..\test-results\mobile-nav-positioning-Mob-fbd68-cessive-horizontal-overflow-iPhone-SE-retry1\video.webm
    ────────────────────────────────────────────────────────────────────────────────────────────────

    Error Context: ..\test-results\mobile-nav-positioning-Mob-fbd68-cessive-horizontal-overflow-iPhone-SE-retry1\error-context.md

    attachment #4: trace (application/zip) ─────────────────────────────────────────────────────────
    ..\test-results\mobile-nav-positioning-Mob-fbd68-cessive-horizontal-overflow-iPhone-SE-retry1\trace.zip
    Usage:

        npx playwright show-trace ..\test-results\mobile-nav-positioning-Mob-fbd68-cessive-horizontal-overflow-iPhone-SE-retry1\trace.zip

    ────────────────────────────────────────────────────────────────────────────────────────────────
]]>
</failure>
<system-out>
<![CDATA[
[[ATTACHMENT|mobile-nav-positioning-Mob-fbd68-cessive-horizontal-overflow-iPhone-SE\video.webm]]

[[ATTACHMENT|mobile-nav-positioning-Mob-fbd68-cessive-horizontal-overflow-iPhone-SE\error-context.md]]
Horizontal overflow offenders: [
  { tag: [32m'DIV'[39m, cls: [32m'relative aos-init'[39m, right: [33m404[39m, w: [33m288[39m },
  {
    tag: [32m'DIV'[39m,
    cls: [32m'glass-effect rounded-2xl p-8 text-center hover-lift'[39m,
    right: [33m404[39m,
    w: [33m288[39m
  },
  { tag: [32m'DIV'[39m, cls: [32m'mb-8'[39m, right: [33m371[39m, w: [33m222[39m },
  {
    tag: [32m'DIV'[39m,
    cls: [32m'w-32 h-32 bg-gradient-to-br from-tech-purple to-tech-cyan rounded-full mx-auto flex items-center justify-center text-6xl animate-glow'[39m,
    right: [33m324[39m,
    w: [33m128[39m
  },
  { tag: [32m'H3'[39m, cls: [32m'text-3xl font-bold mb-4'[39m, right: [33m371[39m, w: [33m222[39m },
  { tag: [32m'P'[39m, cls: [32m'text-gray-300 mb-6'[39m, right: [33m371[39m, w: [33m222[39m }
]

[[ATTACHMENT|mobile-nav-positioning-Mob-fbd68-cessive-horizontal-overflow-iPhone-SE-retry1\test-failed-1.png]]

[[ATTACHMENT|mobile-nav-positioning-Mob-fbd68-cessive-horizontal-overflow-iPhone-SE-retry1\video.webm]]

[[ATTACHMENT|mobile-nav-positioning-Mob-fbd68-cessive-horizontal-overflow-iPhone-SE-retry1\error-context.md]]

[[ATTACHMENT|mobile-nav-positioning-Mob-fbd68-cessive-horizontal-overflow-iPhone-SE-retry1\trace.zip]]
]]>
</system-out>
</testcase>
</testsuite>
<testsuite name="mobile-nav-positioning.spec.js" timestamp="2025-08-11T15:31:38.088Z" hostname="Galaxy S9+" tests="1" failures="0" skipped="0" time="29.819" errors="0">
<testcase name="Mobile Navigation Positioning Tests › navigation container should not cause excessive horizontal overflow" classname="mobile-nav-positioning.spec.js" time="29.819">
</testcase>
</testsuite>
<testsuite name="mobile-nav-positioning.spec.js" timestamp="2025-08-11T15:31:38.088Z" hostname="Pixel 5" tests="1" failures="0" skipped="0" time="30.188" errors="0">
<testcase name="Mobile Navigation Positioning Tests › navigation container should not cause excessive horizontal overflow" classname="mobile-nav-positioning.spec.js" time="30.188">
</testcase>
</testsuite>
</testsuites>